<<<<<<< HEAD
This is pdfTeX, Version 3.14159265-2.6-1.40.20 (MiKTeX 2.9.7000) (preloaded format=pdflatex 2019.3.26)  26 MAR 2019 04:40
=======
This is pdfTeX, Version 3.14159265-2.6-1.40.19 (MiKTeX 2.9.6630 64-bit) (preloaded format=pdflatex 2019.2.25)  26 MAR 2019 12:51
>>>>>>> 3228c78d498f4e3c3b9ebc37dadaa449940ef732
entering extended mode
**./main.tex
(main.tex
LaTeX2e <2017-04-15>
Babel <3.18> and hyphenation patterns for 75 language(s) loaded.
(wileySix.cls


 Wiley Book Style, Design No.: SD 001C
 and SD 004B
 
 Written by Amy Hendrickson, TeXnology, Inc.
 
 This version is dated Feb 16, 2011


\phspace=\dimen102
\SpaceAboveChapterNumber=\dimen103
\savefootnotenumber=\count79
\ftnum=\count80
\saveftnum=\count81
\c@chapapp=\count82
\c@part=\count83
\c@chapter=\count84
\c@section=\count85
\c@subsection=\count86
\c@subsubsection=\count87
\c@paragraph=\count88
\c@subparagraph=\count89
\c@figure=\count90
\c@table=\count91
\abovecaptionskip=\skip41
\belowcaptionskip=\skip42
\partskip=\skip43
\tabandfigskip=\skip44
\footnum=\count92
\savefootnum=\count93
\@indexfile=\write3
\openout3 = `main.idx'.

Writing index file main.idx
\iletterskip=\skip45
\timing=\count94
\hourcount=\count95
\oldtime=\count96
\probcount=\count97
\subprobcount=\count98
\c@subproblem=\count99
\c@subproblem=\count100
\widthofcropmarks=\dimen104
\raisetopcropmarks=\dimen105
\raisebottomcropmarks=\dimen106
\movecropmarksright=\dimen107
\c@theorem=\count101
\c@appfootnote=\count102
\slugwidth=\dimen108
\slugheight=\dimen109
\slugdepth=\dimen110
\c@exampnum=\count103
\c@algo=\count104
\c@algorithm=\count105
\chapskip=\dimen111
\chapheight=\dimen112
\authorskip=\dimen113
)
("C:\Users\dezha\AppData\Local\Programs\MiKTeX 2.9\tex\latex\graphics\graphicx.
sty"
Package: graphicx 2017/06/01 v1.1a Enhanced LaTeX Graphics (DPC,SPQR)

("C:\Users\dezha\AppData\Local\Programs\MiKTeX 2.9\tex\latex\graphics\keyval.st
y"
Package: keyval 2014/10/28 v1.15 key=value parser (DPC)
\KV@toks@=\toks14
)
("C:\Users\dezha\AppData\Local\Programs\MiKTeX 2.9\tex\latex\graphics\graphics.
sty"
Package: graphics 2017/06/25 v1.2c Standard LaTeX Graphics (DPC,SPQR)

("C:\Users\dezha\AppData\Local\Programs\MiKTeX 2.9\tex\latex\graphics\trig.sty"
Package: trig 2016/01/03 v1.10 sin cos tan (DPC)
)
("C:\Users\dezha\AppData\Local\Programs\MiKTeX 2.9\tex\latex\graphics-cfg\graph
ics.cfg"
File: graphics.cfg 2016/06/04 v1.11 sample graphics configuration
)
Package graphics Info: Driver file: pdftex.def on input line 99.

("C:\Users\dezha\AppData\Local\Programs\MiKTeX 2.9\tex\latex\graphics-def\pdfte
x.def"
File: pdftex.def 2018/01/08 v1.0l Graphics/color driver for pdftex
))
\Gin@req@height=\dimen114
\Gin@req@width=\dimen115
)
("C:\Users\dezha\AppData\Local\Programs\MiKTeX 2.9\tex\latex\listings\listings.
sty"
\lst@mode=\count106
\lst@gtempboxa=\box26
\lst@token=\toks15
\lst@length=\count107
\lst@currlwidth=\dimen116
\lst@column=\count108
\lst@pos=\count109
\lst@lostspace=\dimen117
\lst@width=\dimen118
\lst@newlines=\count110
\lst@lineno=\count111
\lst@maxwidth=\dimen119

<<<<<<< HEAD
("C:\Program Files\MiKTeX 2.9\tex/latex/listings\lstmisc.sty"
File: lstmisc.sty 2019/02/27 1.8b (Carsten Heinz)
\c@lstnumber=\count113
\lst@skipnumbers=\count114
\lst@framebox=\box28
)
("C:\Program Files\MiKTeX 2.9\tex/latex/listings\listings.cfg"
File: listings.cfg 2019/02/27 1.8b listings configuration
=======
("C:\Users\dezha\AppData\Local\Programs\MiKTeX 2.9\tex\latex\listings\lstmisc.s
ty"
File: lstmisc.sty 2018/09/02 1.7 (Carsten Heinz)
\c@lstnumber=\count112
\lst@skipnumbers=\count113
\lst@framebox=\box27
)
("C:\Users\dezha\AppData\Local\Programs\MiKTeX 2.9\tex\latex\listings\listings.
cfg"
File: listings.cfg 2018/09/02 1.7 listings configuration
>>>>>>> 3228c78d498f4e3c3b9ebc37dadaa449940ef732
))
Package: listings 2019/02/27 1.8b (Carsten Heinz)

("C:\Users\dezha\AppData\Local\Programs\MiKTeX 2.9\tex\latex\float\float.sty"
Package: float 2001/11/08 v1.3d Float enhancements (AL)
\c@float@type=\count114
\float@exts=\toks16
\float@box=\box28
\@float@everytoks=\toks17
\@floatcapt=\box29
)
("C:\Users\dezha\AppData\Local\Programs\MiKTeX 2.9\tex\latex\graphics\color.sty
"
Package: color 2016/07/10 v1.1e Standard LaTeX Color (DPC)

("C:\Users\dezha\AppData\Local\Programs\MiKTeX 2.9\tex\latex\graphics-cfg\color
.cfg"
File: color.cfg 2016/01/02 v1.6 sample color configuration
)
Package color Info: Driver file: pdftex.def on input line 147.
)
<<<<<<< HEAD
("C:\Program Files\MiKTeX 2.9\tex/latex/listings\lstlang1.sty"
File: lstlang1.sty 2019/02/27 1.8b listings language file
=======
("C:\Users\dezha\AppData\Local\Programs\MiKTeX 2.9\tex\latex\listings\lstlang1.
sty"
File: lstlang1.sty 2018/09/02 1.7 listings language file
>>>>>>> 3228c78d498f4e3c3b9ebc37dadaa449940ef732
) (w-bookps.sty


 Using PostScript Fonts

 Wiley Monograph/Edited Book Style
 Feb 16, 2012

 
)
\sectsavebox=\box30
LaTeX Font Info:    External font `cmex10' loaded for size
(Font)              <7> on input line 124.
LaTeX Font Info:    External font `cmex10' loaded for size
(Font)              <5> on input line 124.
 (main.aux)
\openout1 = `main.aux'.

LaTeX Font Info:    Checking defaults for OML/cmm/m/it on input line 129.
LaTeX Font Info:    ... okay on input line 129.
LaTeX Font Info:    Checking defaults for T1/cmr/m/n on input line 129.
LaTeX Font Info:    ... okay on input line 129.
LaTeX Font Info:    Checking defaults for OT1/cmr/m/n on input line 129.
LaTeX Font Info:    ... okay on input line 129.
LaTeX Font Info:    Checking defaults for OMS/cmsy/m/n on input line 129.
LaTeX Font Info:    ... okay on input line 129.
LaTeX Font Info:    Checking defaults for OMX/cmex/m/n on input line 129.
LaTeX Font Info:    ... okay on input line 129.
LaTeX Font Info:    Checking defaults for U/cmr/m/n on input line 129.
LaTeX Font Info:    ... okay on input line 129.
LaTeX Font Info:    Try loading font information for OT1+ptm on input line 129.


("C:\Users\dezha\AppData\Local\Programs\MiKTeX 2.9\tex\latex\psnfss\ot1ptm.fd"
File: ot1ptm.fd 2001/06/04 font definitions for OT1/ptm.
)
<<<<<<< HEAD
("C:\Program Files\MiKTeX 2.9\tex/context/base/mkii\supp-pdf.mkii"
=======
("C:\Users\dezha\AppData\Local\Programs\MiKTeX 2.9\tex\context\base\supp-pdf.mk
ii"
>>>>>>> 3228c78d498f4e3c3b9ebc37dadaa449940ef732
[Loading MPS to PDF converter (version 2006.09.02).]
\scratchcounter=\count115
\scratchdimen=\dimen120
\scratchbox=\box31
\nofMPsegments=\count116
\nofMParguments=\count117
\everyMPshowfont=\toks18
\MPscratchCnt=\count118
\MPscratchDim=\dimen121
\MPnumerator=\count119
\makeMPintoPDFobject=\count120
\everyMPtoPDFconversion=\toks19
)
("C:\Users\dezha\AppData\Local\Programs\MiKTeX 2.9\tex\latex\oberdiek\epstopdf-
base.sty"
Package: epstopdf-base 2016/05/15 v2.6 Base part for package epstopdf

("C:\Users\dezha\AppData\Local\Programs\MiKTeX 2.9\tex\generic\oberdiek\infware
rr.sty"
Package: infwarerr 2016/05/16 v1.4 Providing info/warning/error messages (HO)
)
("C:\Users\dezha\AppData\Local\Programs\MiKTeX 2.9\tex\latex\oberdiek\grfext.st
y"
Package: grfext 2016/05/16 v1.2 Manage graphics extensions (HO)

("C:\Users\dezha\AppData\Local\Programs\MiKTeX 2.9\tex\generic\oberdiek\kvdefin
ekeys.sty"
Package: kvdefinekeys 2016/05/16 v1.4 Define keys (HO)

("C:\Users\dezha\AppData\Local\Programs\MiKTeX 2.9\tex\generic\oberdiek\ltxcmds
.sty"
Package: ltxcmds 2016/05/16 v1.23 LaTeX kernel commands for general use (HO)
)))
("C:\Users\dezha\AppData\Local\Programs\MiKTeX 2.9\tex\latex\oberdiek\kvoptions
.sty"
Package: kvoptions 2016/05/16 v3.12 Key value format for package options (HO)

("C:\Users\dezha\AppData\Local\Programs\MiKTeX 2.9\tex\generic\oberdiek\kvsetke
ys.sty"
Package: kvsetkeys 2016/05/16 v1.17 Key value parser (HO)

("C:\Users\dezha\AppData\Local\Programs\MiKTeX 2.9\tex\generic\oberdiek\etexcmd
s.sty"
Package: etexcmds 2016/05/16 v1.6 Avoid name clashes with e-TeX commands (HO)

("C:\Users\dezha\AppData\Local\Programs\MiKTeX 2.9\tex\generic\oberdiek\ifluate
x.sty"
Package: ifluatex 2016/05/16 v1.4 Provides the ifluatex switch (HO)
Package ifluatex Info: LuaTeX not detected.
)
Package etexcmds Info: Could not find \expanded.
(etexcmds)             That can mean that you are not using pdfTeX 1.50 or
(etexcmds)             that some package has redefined \expanded.
(etexcmds)             In the latter case, load this package earlier.
)))
("C:\Users\dezha\AppData\Local\Programs\MiKTeX 2.9\tex\generic\oberdiek\pdftexc
mds.sty"
Package: pdftexcmds 2018/01/21 v0.26 Utility functions of pdfTeX for LuaTeX (HO
)

("C:\Users\dezha\AppData\Local\Programs\MiKTeX 2.9\tex\generic\oberdiek\ifpdf.s
ty"
Package: ifpdf 2017/03/15 v3.2 Provides the ifpdf switch
)
Package pdftexcmds Info: LuaTeX not detected.
Package pdftexcmds Info: \pdf@primitive is available.
Package pdftexcmds Info: \pdf@ifprimitive is available.
Package pdftexcmds Info: \pdfdraftmode found.
)
Package epstopdf-base Info: Redefining graphics rule for `.eps' on input line 4
38.
Package grfext Info: Graphics extension search list:
(grfext)             [.pdf,.png,.jpg,.mps,.jpeg,.jbig2,.jb2,.PDF,.PNG,.JPG,.JPE
G,.JBIG2,.JB2,.eps]
(grfext)             \AppendGraphicsExtensions on input line 456.
)
\c@lstlisting=\count121
LaTeX Font Info:    Font shape `OT1/ptm/bx/n' in size <17.28> not available
(Font)              Font shape `OT1/ptm/b/n' tried instead on input line 148.
<<<<<<< HEAD
 [1{C:/Users/user bc/AppData/Local/MiKTeX/2.9/pdftex/config/pdftex.map}] [2]
=======
 [1{C:/Users/dezha/AppData/Local/MiKTeX/2.9/pdftex/config/pdftex.map}]
[2]
>>>>>>> 3228c78d498f4e3c3b9ebc37dadaa449940ef732
LaTeX Font Info:    Font shape `OT1/ptm/bx/n' in size <24.88> not available
(Font)              Font shape `OT1/ptm/b/n' tried instead on input line 150.

Overfull \hbox (18.37917pt too wide) in paragraph at lines 150--150
[]\titlefont CERDAS MEN-GUA-SAI PYTHON 
 []

<kreatiflogo.png, id=9, 437.635pt x 207.77625pt>
File: kreatiflogo.png Graphic file (type png)
<use kreatiflogo.png>
Package pdftex.def Info: kreatiflogo.png  used on input line 150.
(pdftex.def)             Requested size: 122.85876pt x 58.32912pt.
[3 <./kreatiflogo.png>] (info/copyrightpage.tex)
Underfull \hbox (badness 10000) in paragraph at lines 155--155

 []


Underfull \hbox (badness 10000) in paragraph at lines 155--155

 []


Underfull \hbox (badness 10000) in paragraph at lines 155--155

 []


Underfull \hbox (badness 10000) in paragraph at lines 155--155

 []

[4] [5

]
LaTeX Font Info:    Font shape `OT1/ptm/bx/n' in size <14.4> not available
(Font)              Font shape `OT1/ptm/b/n' tried instead on input line 161.
 (info/contributors.tex) [5] [6

] (main.toc) [7] [8

] (main.toc
Underfull \hbox (badness 10000) in paragraph at lines 10--10
 [] []  
 []

[9])
\tf@toc=\write4
\openout4 = `main.toc'.


Overfull \vbox (4.85098pt too high) has occurred while \output is active []


Underfull \hbox (badness 10000) has occurred while \output is active
[]
 []

[10] (main.lof)
\tf@lof=\write5
\openout5 = `main.lof'.

 [11

] [12

] (main.lot)
\tf@lot=\write6
\openout6 = `main.lot'.

 [13] [14

] (main.lol
Underfull \vbox (badness 10000) has occurred while \output is active []

 [15])
\tf@lol=\write7
\openout7 = `main.lol'.


Overfull \vbox (4.85098pt too high) has occurred while \output is active []


Underfull \hbox (badness 10000) has occurred while \output is active
[]
 []

[16] (info/foreword.tex) [17

] [18

] (info/preface.tex) [19] [20

]
(info/acknowledgments.tex [21]) [22

] (info/acronyms.tex)
LaTeX Font Info:    Try loading font information for OMS+ptm on input line 187.


("C:\Users\dezha\AppData\Local\Programs\MiKTeX 2.9\tex\latex\psnfss\omsptm.fd"
File: omsptm.fd 
)
LaTeX Font Info:    Font shape `OMS/ptm/m/n' in size <8> not available
(Font)              Font shape `OMS/cmsy/m/n' tried instead on input line 187.
[23] [24

] (info/glossary.tex) [25] [26

] (info/symbols.tex) [27] [28

]
(info/introduction.tex
LaTeX Font Info:    Font shape `OT1/ptm/bx/n' in size <10> not available
(Font)              Font shape `OT1/ptm/b/n' tried instead on input line 13.


LaTeX Warning: Citation `awangga2018sampeu' on page xxix undefined on input lin
e 13.

) [29] [30

]
Bab 1.
LaTeX Font Info:    External font `cmex10' loaded for size
(Font)              <14.4> on input line 215.
(chapters/4.2.tex
LaTeX Font Info:    Font shape `OT1/ptm/bx/n' in size <12> not available
(Font)              Font shape `OT1/ptm/b/n' tried instead on input line 1.
Missing character: There is no ‚ in font ptmr7t!
Missing character: There is no Ä in font ptmr7t!
Missing character: There is no ô in font ptmr7t!
Missing character: There is no ‚ in font ptmr7t!
Missing character: There is no Ä in font ptmr7t!
Missing character: There is no ô in font ptmr7t!

Overfull \hbox (0.67654pt too wide) in paragraph at lines 10--11
[]\OT1/ptm/m/n/10 File CSV (ni-lai berbatas koma) meru-pakan tipa file khusus y
ang da-pat dibuat
 []

[1]
Overfull \hbox (12.70856pt too wide) in paragraph at lines 16--17
\OT1/ptm/m/n/10 tahun 1983. Man-ual un-tuk kom-puter Os-borne Ex-ec-u-tive, yan
g meng-gabungkan
 []

(src/1144124/Chapter4/teori.csv)
<figures/rahma/Chapter4/1.png, id=118, 208.52907pt x 63.23625pt>
File: figures/rahma/Chapter4/1.png Graphic file (type png)
<use figures/rahma/Chapter4/1.png>
Package pdftex.def Info: figures/rahma/Chapter4/1.png  used on input line 35.
(pdftex.def)             Requested size: 284.52756pt x 86.29443pt.

Overfull \vbox (6.372pt too high) has occurred while \output is active []


Underfull \hbox (badness 10000) has occurred while \output is active
[]
 []

[2]
<figures/rahma/Chapter4/2.png, id=122, 543.53062pt x 377.91188pt>
File: figures/rahma/Chapter4/2.png Graphic file (type png)
<use figures/rahma/Chapter4/2.png>
Package pdftex.def Info: figures/rahma/Chapter4/2.png  used on input line 42.
(pdftex.def)             Requested size: 256.0748pt x 178.05109pt.
<figures/rahma/Chapter4/3.png, id=123, 483.30562pt x 113.67468pt>
File: figures/rahma/Chapter4/3.png Graphic file (type png)
<use figures/rahma/Chapter4/3.png>
Package pdftex.def Info: figures/rahma/Chapter4/3.png  used on input line 47.
(pdftex.def)             Requested size: 284.52756pt x 66.92351pt.
<figures/rahma/Chapter4/4.png, id=124, 558.58687pt x 111.41624pt>
File: figures/rahma/Chapter4/4.png Graphic file (type png)
<use figures/rahma/Chapter4/4.png>
Package pdftex.def Info: figures/rahma/Chapter4/4.png  used on input line 52.
(pdftex.def)             Requested size: 199.16928pt x 39.72559pt.

Overfull \vbox (6.372pt too high) has occurred while \output is active []


Underfull \hbox (badness 10000) has occurred while \output is active
[]
 []

[3 <./figures/rahma/Chapter4/1.png> <./figures/rahma/Chapter4/2.png> <./figures
/rahma/Chapter4/3.png> <./figures/rahma/Chapter4/4.png>]
<figures/rahma/Chapter4/5.png, id=132, 442.65375pt x 19.57312pt>
File: figures/rahma/Chapter4/5.png Graphic file (type png)
<<<<<<< HEAD
<use figures/rahma/C
=======
<use figures/rahma/Chapter4/5.png>
Package pdftex.def Info: figures/rahma/Chapter4/5.png  used on input line 60.
(pdftex.def)             Requested size: 284.52756pt x 12.5817pt.
<figures/rahma/Chapter4/6.png, id=133, 543.53062pt x 391.4625pt>
File: figures/rahma/Chapter4/6.png Graphic file (type png)
<use figures/rahma/Chapter4/6.png>
Package pdftex.def Info: figures/rahma/Chapter4/6.png  used on input line 66.
(pdftex.def)             Requested size: 284.52756pt x 204.92953pt.

Overfull \vbox (6.372pt too high) has occurred while \output is active []


Underfull \hbox (badness 10000) has occurred while \output is active
[]
 []

[4 <./figures/rahma/Chapter4/5.png> <./figures/rahma/Chapter4/6.png>]
(src/1144124/Chapter4/1144124.py) (src/1144124/Chapter4/1144124.py)
(src/1144124/Chapter4/1144124.py)
Overfull \vbox (6.372pt too high) has occurred while \output is active []

 [5]
(src/1144124/Chapter4/1144124.py) (src/1144124/Chapter4/1144124.py)
(src/1144124/Chapter4/1144124.py)
<figures/rahma/Chapter4/Plagiarisme.jpg, id=142, 651.93562pt x 470.50781pt>
File: figures/rahma/Chapter4/Plagiarisme.jpg Graphic file (type jpg)
<use figures/rahma/Chapter4/Plagiarisme.jpg>
Package pdftex.def Info: figures/rahma/Chapter4/Plagiarisme.jpg  used on input 
line 125.
(pdftex.def)             Requested size: 284.52756pt x 205.35127pt.

Overfull \vbox (6.372pt too high) has occurred while \output is active []


Underfull \hbox (badness 10000) has occurred while \output is active
[]
 []

[6] (src/1174027/c_1174027_csv.py) (src/1174027/c_1174027_csv.py
Overfull \vbox (6.372pt too high) has occurred while \output is active []

 [7 <./figures/rahma/Chapter4/Plagiarisme.jpg>]) (src/1174027/p_1174027_pandas.
py)
(src/1174027/p_1174027_pandas.py) (src/1174027/p_1174027_pandas.py)
(src/1174027/p_1174027_pandas.py) (src/1174027/p_1174027_pandas.py
Overfull \vbox (6.372pt too high) has occurred while \output is active []

 [8])
(src/1174027/main_harun.py) (src/1174027/main_harun.py)
(src/1174006/Chapter4/1174006csv.py) (src/1174006/Chapter4/1174006csv.py)
(src/1174006/Chapter4/1174006pandas.py
Overfull \vbox (6.372pt too high) has occurred while \output is active []

 [9])
(src/1174006/Chapter4/1174006pandas.py) (src/1174006/Chapter4/1174006pandas.py)
(src/1174006/Chapter4/1174006pandas.py) (src/1174006/Chapter4/1174006pandas.py)
(src/1174006/Chapter4/main.py)
Overfull \vbox (6.372pt too high) has occurred while \output is active []

 [10]
(src/1174006/Chapter4/main2.py)
<figures/diva/Chapter4/harikedua/k1.png, id=159, 1371.1225pt x 770.88pt>
File: figures/diva/Chapter4/harikedua/k1.png Graphic file (type png)
<use figures/diva/Chapter4/harikedua/k1.png>
Package pdftex.def Info: figures/diva/Chapter4/harikedua/k1.png  used on input 
line 220.
(pdftex.def)             Requested size: 284.52756pt x 159.9605pt.
<figures/diva/Chapter4/harikedua/k2.png, id=160, 1371.1225pt x 770.88pt>
File: figures/diva/Chapter4/harikedua/k2.png Graphic file (type png)
<use figures/diva/Chapter4/harikedua/k2.png>
Package pdftex.def Info: figures/diva/Chapter4/harikedua/k2.png  used on input 
line 224.
(pdftex.def)             Requested size: 284.52756pt x 159.9605pt.
<figures/diva/Chapter4/harikedua/k3.png, id=161, 1371.1225pt x 770.88pt>
File: figures/diva/Chapter4/harikedua/k3.png Graphic file (type png)
<use figures/diva/Chapter4/harikedua/k3.png>
Package pdftex.def Info: figures/diva/Chapter4/harikedua/k3.png  used on input 
line 228.
(pdftex.def)             Requested size: 284.52756pt x 159.9605pt.

Underfull \vbox (badness 10000) has occurred while \output is active []


Overfull \vbox (6.372pt too high) has occurred while \output is active []


Underfull \hbox (badness 10000) has occurred while \output is active
[]
 []

[11 <./figures/diva/Chapter4/harikedua/k1.png>]
<figures/diva/Chapter4/harikedua/k4.png, id=166, 1371.1225pt x 770.88pt>
File: figures/diva/Chapter4/harikedua/k4.png Graphic file (type png)
<use figures/diva/Chapter4/harikedua/k4.png>
Package pdftex.def Info: figures/diva/Chapter4/harikedua/k4.png  used on input 
line 232.
(pdftex.def)             Requested size: 284.52756pt x 159.9605pt.
<figures/diva/Chapter4/harikedua/k5.png, id=167, 1371.1225pt x 770.88pt>
File: figures/diva/Chapter4/harikedua/k5.png Graphic file (type png)
<use figures/diva/Chapter4/harikedua/k5.png>
Package pdftex.def Info: figures/diva/Chapter4/harikedua/k5.png  used on input 
line 236.
(pdftex.def)             Requested size: 284.52756pt x 159.9605pt.

Overfull \vbox (6.372pt too high) has occurred while \output is active []


Underfull \hbox (badness 10000) has occurred while \output is active
[]
 []

[12 <./figures/diva/Chapter4/harikedua/k2.png> <./figures/diva/Chapter4/hariked
ua/k3.png> <./figures/diva/Chapter4/harikedua/k4.png>]
<figures/diva/Chapter4/harikedua/plagiatketrampilan.png, id=175, 1371.1225pt x 
770.88pt>
File: figures/diva/Chapter4/harikedua/plagiatketrampilan.png Graphic file (type
 png)
<use figures/diva/Chapter4/harikedua/plagiatketrampilan.png>
Package pdftex.def Info: figures/diva/Chapter4/harikedua/plagiatketrampilan.png
  used on input line 242.
(pdftex.def)             Requested size: 284.52756pt x 159.9605pt.
Missing character: There is no Ô in font ptmr7t!
Missing character: There is no ¨ in font ptmr7t!
Missing character: There is no Å in font ptmr7t!
Missing character: There is no Ô in font ptmr7t!
Missing character: There is no ¨ in font ptmr7t!
Missing character: There is no Å in font ptmr7t!

(src/1174009/praktek/d1174009_csv.py
Overfull \vbox (6.372pt too high) has occurred while \output is active []

 [13 <./figures/diva/Chapter4/harikedua/k5.png> <./figures/diva/Chapter4/harike
dua/plagiatketrampilan.png>])
Missing character: There is no Ô in font ptmr7t!
Missing character: There is no ¨ in font ptmr7t!
Missing character: There is no Å in font ptmr7t!
Missing character: There is no Ô in font ptmr7t!
Missing character: There is no ¨ in font ptmr7t!
Missing character: There is no Å in font ptmr7t!
 (src/1174009/praktek/d1174009_csv.py)
Missing character: There is no Ô in font ptmr7t!
Missing character: There is no ¨ in font ptmr7t!
Missing character: There is no Å in font ptmr7t!
Missing character: There is no Ô in font ptmr7t!
Missing character: There is no ¨ in font ptmr7t!
Missing character: There is no Å in font ptmr7t!

(src/1174009/praktek/d1174009_pandas.py)
Missing character: There is no Ô in font ptmr7t!
Missing character: There is no ¨ in font ptmr7t!
Missing character: There is no Å in font ptmr7t!
Missing character: There is no Ô in font ptmr7t!
Missing character: There is no ¨ in font ptmr7t!
Missing character: There is no Å in font ptmr7t!

(src/1174009/praktek/d1174009_pandas.py)
(src/1174009/praktek/d1174009_pandas.py)
(src/1174009/praktek/d1174009_pandas.py)
(src/1174009/praktek/d1174009_pandas.py
Overfull \vbox (6.372pt too high) has occurred while \output is active []

 [14])
Missing character: There is no Ô in font ptmr7t!
Missing character: There is no ¨ in font ptmr7t!
Missing character: There is no Å in font ptmr7t!

(src/1174009/praktek/main_dwi.py)
Missing character: There is no Ô in font ptmr7t!
Missing character: There is no ¨ in font ptmr7t!
Missing character: There is no Å in font ptmr7t!
 (src/1174009/praktek/main_dwi.py)
Missing character: There is no Ô in font ptmr7t!
Missing character: There is no ¨ in font ptmr7t!
Missing character: There is no Å in font ptmr7t!
Missing character: There is no Ô in font ptmr7t!
Missing character: There is no ¨ in font ptmr7t!
Missing character: There is no Å in font ptmr7t!

(src/1174025/chapter4/1174025_csv.py)
Missing character: There is no Ô in font ptmr7t!
Missing character: There is no ¨ in font ptmr7t!
Missing character: There is no Å in font ptmr7t!
Missing character: There is no Ô in font ptmr7t!
Missing character: There is no ¨ in font ptmr7t!
Missing character: There is no Å in font ptmr7t!
 (src/1174025/chapter4/1174025_csv.py
Overfull \vbox (6.372pt too high) has occurred while \output is active []

 [15])
Missing character: There is no Ô in font ptmr7t!
Missing character: There is no ¨ in font ptmr7t!
Missing character: There is no Å in font ptmr7t!
Missing character: There is no Ô in font ptmr7t!
Missing character: There is no ¨ in font ptmr7t!
Missing character: There is no Å in font ptmr7t!

(src/1174025/chapter4/1174025_pandas.py)
Missing character: There is no Ô in font ptmr7t!
Missing character: There is no ¨ in font ptmr7t!
Missing character: There is no Å in font ptmr7t!
Missing character: There is no Ô in font ptmr7t!
Missing character: There is no ¨ in font ptmr7t!
Missing character: There is no Å in font ptmr7t!

(src/1174025/chapter4/1174025_pandas.py) (src/1174025/chapter4/1174025pandas.py
) (src/1174025/chapter4/1174025pandas.py)
(src/1174025/chapter4/1174025pandas.py)
Missing character: There is no Ô in font ptmr7t!
Missing character: There is no ¨ in font ptmr7t!
Missing character: There is no Å in font ptmr7t!
 (src/1174025/chapter4/main.py
Overfull \vbox (6.372pt too high) has occurred while \output is active []

 [16])
Missing character: There is no Ô in font ptmr7t!
Missing character: There is no ¨ in font ptmr7t!
Missing character: There is no Å in font ptmr7t!

(src/1174025/chapter4/main2.py))
Overfull \vbox (6.372pt too high) has occurred while \output is active []


Underfull \hbox (badness 10000) has occurred while \output is active
[]
 []

[17] [18

]
Bab 2.
(chapters/4.3.tex
Underfull \vbox (badness 1406) has occurred while \output is active []

 [19]
(src/1174006/Chapter4/1174006.py)
<figures/diva/Chapter4/harikedua/p1.png, id=200, 1371.1225pt x 770.88pt>
File: figures/diva/Chapter4/harikedua/p1.png Graphic file (type png)
<use figures/diva/Chapter4/harikedua/p1.png>
Package pdftex.def Info: figures/diva/Chapter4/harikedua/p1.png  used on input 
line 29.
(pdftex.def)             Requested size: 284.52756pt x 159.9605pt.
<figures/diva/Chapter4/harikedua/plagiatpenanganan.png, id=201, 1371.1225pt x 7
70.88pt>
File: figures/diva/Chapter4/harikedua/plagiatpenanganan.png Graphic file (type 
png)
<use figures/diva/Chapter4/harikedua/plagiatpenanganan.png>
Package pdftex.def Info: figures/diva/Chapter4/harikedua/plagiatpenanganan.png 
 used on input line 35.
(pdftex.def)             Requested size: 284.52756pt x 159.9605pt.

Underfull \vbox (badness 1953) has occurred while \output is active []


Overfull \vbox (6.372pt too high) has occurred while \output is active []


Underfull \hbox (badness 10000) has occurred while \output is active
[]
 []

[20 <./figures/diva/Chapter4/harikedua/p1.png>])
Overfull \vbox (6.372pt too high) has occurred while \output is active []


Underfull \hbox (badness 10000) has occurred while \output is active
[]
 []

[21 <./figures/diva/Chapter4/harikedua/plagiatpenanganan.png>] [22

]
No file main.ind.
(main.aux)

LaTeX Warning: There were undefined references.

 ) 
Here is how much of TeX's memory you used:
 3606 strings out of 493305
 54867 string characters out of 3129802
 425346 words of memory out of 3000000
 6913 multiletter control sequences out of 15000+200000
 64917 words of font info for 117 fonts, out of 3000000 for 9000
 1141 hyphenation exceptions out of 8191
 42i,14n,47p,655b,1598s stack positions out of 5000i,500n,10000p,200000b,50000s
{C:/Users/dezha/AppData/Local/Programs/MiKTeX 2.9/fonts/enc/dvips/base/8r.enc
}<C:/Users/dezha/AppData/Local/Programs/MiKTeX 2.9/fonts/type1/public/amsfonts/
cm/cmex10.pfb><C:/Users/dezha/AppData/Local/Programs/MiKTeX 2.9/fonts/type1/pub
lic/amsfonts/cm/cmmi10.pfb><C:/Users/dezha/AppData/Local/Programs/MiKTeX 2.9/fo
nts/type1/public/amsfonts/cm/cmmi7.pfb><C:/Users/dezha/AppData/Local/Programs/M
iKTeX 2.9/fonts/type1/public/amsfonts/cm/cmr10.pfb><C:/Users/dezha/AppData/Loca
l/Programs/MiKTeX 2.9/fonts/type1/public/amsfonts/cm/cmsy10.pfb><C:/Users/dezha
/AppData/Local/Programs/MiKTeX 2.9/fonts/type1/public/amsfonts/cm/cmsy8.pfb><C:
/Users/dezha/AppData/Local/Programs/MiKTeX 2.9/fonts/type1/urw/helvetic/uhvb8a.
pfb><C:/Users/dezha/AppData/Local/Programs/MiKTeX 2.9/fonts/type1/urw/helvetic/
uhvr8a.pfb><C:/Users/dezha/AppData/Local/Programs/MiKTeX 2.9/fonts/type1/urw/ti
mes/utmb8a.pfb><C:/Users/dezha/AppData/Local/Programs/MiKTeX 2.9/fonts/type1/ur
w/times/utmbi8a.pfb><C:/Users/dezha/AppData/Local/Programs/MiKTeX 2.9/fonts/typ
e1/urw/times/utmr8a.pfb><C:/Users/dezha/AppData/Local/Programs/MiKTeX 2.9/fonts
/type1/urw/times/utmri8a.pfb>
Output written on main.pdf (53 pages, 1185280 bytes).
PDF statistics:
 254 PDF objects out of 1000 (max. 8388607)
 0 named destinations out of 1000 (max. 500000)
 81 words of extra memory for PDF output out of 10000 (max. 10000000)

>>>>>>> 3228c78d498f4e3c3b9ebc37dadaa449940ef732
